
Welcome to Gradle 9.3.1!

Here are the highlights of this release:
 - Test reporting improvements
 - Error and warning improvements
 - Build authoring improvements

For more details see https://docs.gradle.org/9.3.1/release-notes.html

To honour the JVM settings for this build a single-use Daemon process will be forked. For more on this, please refer to https://docs.gradle.org/9.3.1/userguide/gradle_daemon.html#sec:disabling_the_daemon in the Gradle documentation.
Daemon will be stopped at the end of the build 
Calculating task graph as no cached configuration is available for tasks: :app:lint
> Task :app:preBuild UP-TO-DATE
> Task :app:preDebugBuild UP-TO-DATE
> Task :app:preDebugUnitTestBuild UP-TO-DATE
> Task :app:generateDebugResources
> Task :app:generateDebugBuildConfig
> Task :app:packageDebugResources
> Task :app:javaPreCompileDebug
> Task :app:mapDebugSourceSetPaths
> Task :app:processDebugNavigationResources
> Task :app:checkDebugAarMetadata
> Task :app:compileDebugNavigationResources
> Task :app:createDebugCompatibleScreenManifests
> Task :app:extractDeepLinksDebug
> Task :app:parseDebugLocalResources
> Task :app:generateDebugRFile
> Task :app:preDebugAndroidTestBuild SKIPPED
> Task :app:extractProguardFiles
> Task :app:processDebugMainManifest
> Task :app:processDebugManifest
> Task :app:processDebugManifestForPackage
> Task :app:mergeDebugResources
> Task :app:processDebugResources
> Task :app:kspDebugKotlin
> Task :app:compileDebugKotlin
> Task :app:compileDebugJavaWithJavac
> Task :app:bundleDebugClassesToCompileJar
> Task :app:generateDebugLintReportModel
> Task :app:generateDebugAndroidTestLintModel
> Task :app:generateDebugUnitTestLintModel
> Task :app:lintAnalyzeDebugAndroidTest
> Task :app:lintAnalyzeDebugUnitTest
> Task :app:lintAnalyzeDebug

> Task :app:lintReportDebug
Wrote HTML report to file:///home/runner/work/Glass/Glass/app/build/reports/lint-results-debug.html

> Task :app:lintDebug
> Task :app:lint
gradle/actions: Writing build results to /home/runner/work/_temp/.gradle-actions/build-results/__run_2-1779555957884.json

BUILD SUCCESSFUL in 2m 30s
30 actionable tasks: 30 executed
Configuration cache entry stored.
